  Compiling pointeroverride.asm
  Microsoft (R) Macro Assembler Version 12.00.40629.0
  Copyright (C) Microsoft Corporation.  All rights reserved.
  
   Assembling: F:\StuffFiles\Projects\portal-sdk-2013\src\public\tier0\pointeroverride.asm
  Running VPC CRC Check - client_portal.vpc
  stdafx.cpp
  mp3player.cpp
  cdll_replay.cpp
  replaycamera.cpp
  achievement_notification_panel.cpp
  achievement_saverestore.cpp
  achievementmgr.cpp
  achievements_hlx.cpp
  activitylist.cpp
  alphamaterialproxy.cpp
  ammodef.cpp
  animatedentitytextureproxy.cpp
  animatedoffsettextureproxy.cpp
  animatedtextureproxy.cpp
  AnimateSpecificTextureProxy.cpp
  animation.cpp
  base_playeranimstate.cpp
  baseachievement.cpp
  baseanimatedtextureproxy.cpp
  baseclientrendertargets.cpp
  basecombatcharacter_shared.cpp
  basecombatweapon_shared.cpp
  baseentity_shared.cpp
  basegrenade_shared.cpp
  baseparticleentity.cpp
  baseplayer_shared.cpp
  basepresence.cpp
  baseprojectile.cpp
  baseviewmodel_shared.cpp
  beam_shared.cpp
  beamdraw.cpp
  bone_accessor.cpp
  bone_merge_cache.cpp
  c_ai_basehumanoid.cpp
  c_ai_basenpc.cpp
  c_baseanimating.cpp
  c_baseanimatingoverlay.cpp
  c_basecombatcharacter.cpp
  c_basecombatweapon.cpp
  c_basedoor.cpp
  c_baseentity.cpp
  c_baseflex.cpp
  c_baseplayer.cpp
  c_baseviewmodel.cpp
  c_breakableprop.cpp
  c_colorcorrection.cpp
  c_colorcorrectionvolume.cpp
  c_dynamiclight.cpp
  c_entitydissolve.cpp
  c_entityparticletrail.cpp
  c_env_fog_controller.cpp
  c_env_particlescript.cpp
  c_env_projectedtexture.cpp
  c_env_screenoverlay.cpp
  c_env_tonemap_controller.cpp
  c_fire_smoke.cpp
  c_fish.cpp
  c_func_areaportalwindow.cpp
  c_func_breakablesurf.cpp
  c_func_conveyor.cpp
  c_func_dust.cpp
  c_func_lod.cpp
  C_Func_Monitor.cpp
  c_func_occluder.cpp
  c_func_reflective_glass.cpp
  c_func_rotating.cpp
  c_func_smokevolume.cpp
  c_func_tracktrain.cpp
  c_gib.cpp
  c_hairball.cpp
  c_info_overlay_accessor.cpp
  c_lightglow.cpp
  C_MaterialModifyControl.cpp
  c_particle_system.cpp
  c_physbox.cpp
  c_physicsprop.cpp
  c_physmagnet.cpp
  c_pixel_visibility.cpp
  c_plasma.cpp
  c_playerresource.cpp
  c_point_camera.cpp
  c_point_commentary_node.cpp
  c_props.cpp
  c_ragdoll_manager.cpp
  c_rope.cpp
  c_rumble.cpp
  c_sceneentity.cpp
  c_shadowcontrol.cpp
  c_slideshow_display.cpp
  c_soundscape.cpp
  c_spotlight_end.cpp
  c_sprite.cpp
  c_sprite_perfmonitor.cpp
  c_sun.cpp
  c_team.cpp
  c_team_objectiveresource.cpp
  c_tesla.cpp
  c_test_proxytoggle.cpp
  c_user_message_register.cpp
  c_vehicle_choreo_generic.cpp
  c_vehicle_jeep.cpp
  c_vguiscreen.cpp
  c_vote_controller.cpp
  c_waterbullet.cpp
  C_WaterLODControl.cpp
  c_world.cpp
  cam_thirdperson.cpp
  camomaterialproxy.cpp
  cdll_bounded_cvars.cpp
  cdll_client_int.cpp
  cdll_util.cpp
  cl_mat_stub.cpp
  classmap.cpp
  client_factorylist.cpp
  client_thinklist.cpp
  client_virtualreality.cpp
  clienteffectprecachesystem.cpp
  cliententitylist.cpp
  clientleafsystem.cpp
  clientmode_shared.cpp
  clientshadowmgr.cpp
  clientsideeffects.cpp
  clientsideeffects_test.cpp
  clientsteamcontext.cpp
  collisionproperty.cpp
  colorcorrectionmgr.cpp
  commentary_modelviewer.cpp
  death_pose.cpp
  debugoverlay_shared.cpp
  decals.cpp
  detailobjectsystem.cpp
  dummyproxy.cpp
  effect_dispatch_data.cpp
  EffectsClient.cpp
  ehandle.cpp
  entitylist_base.cpp
  entityoriginmaterialproxy.cpp
  EntityParticleTrail_Shared.cpp
  env_detail_controller.cpp
  env_wind_shared.cpp
  eventlist.cpp
  flashlighteffect.cpp
  func_ladder.cpp
  functionproxy.cpp
  fx_blood.cpp
  fx_cube.cpp
  fx_explosion.cpp
  fx_fleck.cpp
  fx_impact.cpp
  fx_interpvalue.cpp
  fx_quad.cpp
  fx_shelleject.cpp
  fx_staticline.cpp
  fx_tracer.cpp
  fx_trail.cpp
  fx_water.cpp
  gamemovement.cpp
  gamerules.cpp
  gamerules_register.cpp
  GameStats.cpp
  gamestringpool.cpp
  gametrace_client.cpp
  gamevars_shared.cpp
  geiger.cpp
  glow_outline_effect.cpp
  glow_overlay.cpp
  haptic_msgs.cpp
  haptic_utils.cpp
  hintmessage.cpp
  hintsystem.cpp
  history_resource.cpp
  hltvcamera.cpp
  hud.cpp
  hud_animationinfo.cpp
  hud_autoaim.cpp
  hud_basechat.cpp
  hud_basetimer.cpp
  hud_bitmapnumericdisplay.cpp
  hud_chat.cpp
  hud_closecaption.cpp
  hud_crosshair.cpp
  hud_element_helper.cpp
  hud_filmdemo.cpp
  hud_hdrdemo.cpp
  hud_hintdisplay.cpp
  hud_msg.cpp
  hud_numericdisplay.cpp
  hud_pdump.cpp
  hud_redraw.cpp
  hud_vehicle.cpp
  hud_weapon.cpp
  igamesystem.cpp
  in_camera.cpp
  in_joystick.cpp
  in_main.cpp
  initializer.cpp
  interpolatedvar.cpp
  IsNPCProxy.cpp
  lampbeamproxy.cpp
  lamphaloproxy.cpp
  mapentities_shared.cpp
  mathproxy.cpp
  matrixproxy.cpp
  menu.cpp
  message.cpp
  movehelper_client.cpp
  movevars_shared.cpp
  mp_shareddefs.cpp
  multiplay_gamerules.cpp
  obstacle_pushaway.cpp
  panelmetaclassmgr.cpp
  particle_collision.cpp
  particle_litsmokeemitter.cpp
  particle_parse.cpp
  particle_property.cpp
  particle_proxies.cpp
  particle_simple3d.cpp
  particlemgr.cpp
  particles_attractor.cpp
  particles_ez.cpp
  particles_localspace.cpp
  particles_new.cpp
  particles_simple.cpp
  particlesystemquery.cpp
  perfvisualbenchmark.cpp
  physics.cpp
  physics_main_client.cpp
  physics_main_shared.cpp
  physics_saverestore.cpp
  physics_shared.cpp
  physpropclientside.cpp
  playerandobjectenumerator.cpp
  playerspawncache.cpp
  point_bonusmaps_accessor.cpp
  point_posecontroller.cpp
  precache_register.cpp
  predictableid.cpp
  prediction.cpp
  predictioncopy.cpp
  props_shared.cpp
  proxyentity.cpp
  ProxyHealth.cpp
  proxyplayer.cpp
  proxypupil.cpp
  ragdoll.cpp
  ragdoll_shared.cpp
  recvproxy.cpp
  rope_helpers.cpp
  saverestore.cpp
  sceneentity_shared.cpp
  ScreenSpaceEffects.cpp
  sequence_Transitioner.cpp
  simple_keys.cpp
  simtimer.cpp
  singleplay_gamerules.cpp
  SoundEmitterSystem.cpp
  soundenvelope.cpp
  SoundParametersInternal.cpp
  splinepatch.cpp
  Sprite.cpp
  spritemodel.cpp
  SpriteTrail.cpp
  studio_shared.cpp
  studio_stats.cpp
  takedamageinfo.cpp
  teamplay_gamerules.cpp
  teamplayroundbased_gamerules.cpp
  test_ehandle.cpp
  text_message.cpp
  texturescrollmaterialproxy.cpp
  timematerialproxy.cpp
  toggletextureproxy.cpp
  train.cpp
  usercmd.cpp
  usermessages.cpp
  util_shared.cpp
  vehicle_viewblend_shared.cpp
  vgui_avatarimage.cpp
  vgui_basepanel.cpp
  vgui_bitmapbutton.cpp
  vgui_bitmapimage.cpp
  vgui_bitmappanel.cpp
  vgui_centerstringpanel.cpp
  vgui_consolepanel.cpp
  vgui_debugoverlaypanel.cpp
  vgui_fpspanel.cpp
  vgui_game_viewport.cpp
  vgui_grid.cpp
  vgui_int.cpp
  vgui_loadingdiscpanel.cpp
  vgui_messagechars.cpp
  vgui_netgraphpanel.cpp
  vgui_schemevisualizer.cpp
  vgui_slideshow_display_screen.cpp
  vgui_video.cpp
  vgui_video_player.cpp
  view.cpp
  view_beams.cpp
  view_effects.cpp
  view_scene.cpp
  viewangleanim.cpp
  ViewConeImage.cpp
  viewdebug.cpp
  viewpostprocess.cpp
  viewrender.cpp
  voice_banmgr.cpp
  voice_status.cpp
  warp_overlay.cpp
  WaterLODMaterialProxy.cpp
  weapon_parse.cpp
  weapon_selection.cpp
  weapons_resource.cpp
  WorldDimsProxy.cpp
  basemodel_panel.cpp
  basemodelpanel.cpp
  baseviewport.cpp
  ClientScoreBoardDialog.cpp
  commandmenu.cpp
  IconPanel.cpp
  intromenu.cpp
  MapOverview.cpp
  NavProgress.cpp
  SpectatorGUI.cpp
  teammenu.cpp
  vguitextwindow.cpp
  basehlcombatweapon_shared.cpp
  c_antlion_dust.cpp
  c_ar2_explosion.cpp
  c_barnacle.cpp
  c_barney.cpp
  c_basehelicopter.cpp
  c_basehlcombatweapon.cpp
  c_basehlplayer.cpp
  c_citadel_effects.cpp
  c_corpse.cpp
  c_env_alyxtemp.cpp
  c_env_headcrabcanister.cpp
  c_env_starfield.cpp
  c_func_tankmortar.cpp
  c_hl2_playerlocaldata.cpp
  c_info_teleporter_countdown.cpp
  c_npc_antlionguard.cpp
  c_npc_combinegunship.cpp
  c_npc_manhack.cpp
  c_npc_rollermine.cpp
  c_plasma_beam_node.cpp
  c_prop_combine_ball.cpp
  c_rotorwash.cpp
  c_script_intro.cpp
  c_strider.cpp
  c_te_concussiveexplosion.cpp
  c_te_flare.cpp
  c_thumper_dust.cpp
  c_vehicle_airboat.cpp
  c_vehicle_cannon.cpp
  c_vehicle_crane.cpp
  c_vehicle_jeep_episodic.cpp
  c_vehicle_prisoner_pod.cpp
  c_vort_charge_token.cpp
  c_weapon_crossbow.cpp
  c_weapon_hopwire.cpp
  c_weapon_stunstick.cpp
  death.cpp
  env_headcrabcanister_shared.cpp
  flesh_internal_material_proxy.cpp
  fx_antlion.cpp
  fx_bugbait.cpp
  fx_hl2_impacts.cpp
  fx_hl2_tracers.cpp
  hl2_gamerules.cpp
  hl_gamemovement.cpp
  hl_in_main.cpp
  hl_prediction.cpp
  hud_ammo.cpp
  hud_battery.cpp
  hud_blood.cpp
  hud_bonusprogress.cpp
  hud_credits.cpp
  hud_damageindicator.cpp
  hud_flashlight.cpp
  hud_health.cpp
  hud_poisondamageindicator.cpp
  hud_radar.cpp
  hud_squadstatus.cpp
  hud_suitpower.cpp
  hud_weaponselection.cpp
  hud_zoom.cpp
  script_intro_shared.cpp
  shieldproxy.cpp
  survival_gamerules.cpp
  vgui_rootpanel_hl2.cpp
  achievements_portal.cpp
  c_env_lightraill_endpoint.cpp
  c_env_portal_path_track.cpp
  c_func_liquidportal.cpp
  c_neurotoxin_countdown.cpp
  c_npc_portal_turret_floor.cpp
  c_npc_rocket_turret.cpp
  c_portal_player.cpp
  c_portal_radio.cpp
  C_PortalGhostRenderable.cpp
  c_prop_energy_ball.cpp
  c_prop_portal.cpp
  c_prop_portal_stats_display.cpp
  clientmode_portal.cpp
  fx_portal.cpp
  hud_quickinfo.cpp
  MaterialProxy_Portal_PickAlphaMask.cpp
  materialproxy_portalstatic.cpp
  multiplayer_animstate.cpp
  portal_collideable_enumerator.cpp
  portal_credits.cpp
  Portal_DynamicMeshRenderingUtils.cpp
  portal_gamemovement.cpp
  portal_gamerules.cpp
  portal_hud_crosshair.cpp
  portal_player_shared.cpp
  portal_playeranimstate.cpp
  portal_render_targets.cpp
  portal_shareddefs.cpp
  portal_usermessages.cpp
  portal_util_shared.cpp
  portal_weapon_parse.cpp
  PortalRender.cpp
  portalrenderable_flatbasic.cpp
  PortalSimulation.cpp
  prop_portal_shared.cpp
  StaticCollisionPolyhedronCache.cpp
  vgui_neurotoxin_countdown_screen.cpp
  vgui_portal_stats_display_screen.cpp
  c_weapon_physcannon.cpp
  c_weapon_portalgun.cpp
  c_weapon_stubs_portal.cpp
  weapon_portalbase.cpp
  weapon_portalbasecombatweapon.cpp
  weapon_portalgun_shared.cpp
  in_sixense.cpp
  in_sixense_gesture_bindings.cpp
  sixense_convars.cpp
  c_basetempentity.cpp
  c_effects.cpp
  c_impact_effects.cpp
  c_movie_explosion.cpp
  c_particle_fire.cpp
  c_particle_smokegrenade.cpp
  c_prop_vehicle.cpp
  c_recipientfilter.cpp
  c_smoke_trail.cpp
  c_smokestack.cpp
  c_steamjet.cpp
  c_stickybolt.cpp
  c_te.cpp
  c_te_armorricochet.cpp
  c_te_basebeam.cpp
  c_te_beamentpoint.cpp
  c_te_beaments.cpp
  c_te_beamfollow.cpp
  c_te_beamlaser.cpp
  c_te_beampoints.cpp
  c_te_beamring.cpp
  c_te_beamringpoint.cpp
  c_te_beamspline.cpp
  c_te_bloodsprite.cpp
  c_te_bloodstream.cpp
  c_te_breakmodel.cpp
  c_te_bspdecal.cpp
  c_te_bubbles.cpp
  c_te_bubbletrail.cpp
  c_te_clientprojectile.cpp
  c_te_decal.cpp
  c_te_dynamiclight.cpp
  c_te_effect_dispatch.cpp
  c_te_energysplash.cpp
  c_te_explosion.cpp
  c_te_fizz.cpp
  c_te_footprint.cpp
  c_te_glassshatter.cpp
  c_te_glowsprite.cpp
  c_te_impact.cpp
  c_te_killplayerattachments.cpp
  c_te_largefunnel.cpp
  c_te_legacytempents.cpp
  c_te_muzzleflash.cpp
  c_te_particlesystem.cpp
  c_te_physicsprop.cpp
  c_te_playerdecal.cpp
  c_te_projecteddecal.cpp
  c_te_showline.cpp
  c_te_smoke.cpp
  c_te_sparks.cpp
  c_te_sprite.cpp
  c_te_spritespray.cpp
  c_te_worlddecal.cpp
  c_testtraceline.cpp
  c_tracer.cpp
  fx.cpp
  fx_discreetline.cpp
  fx_envelope.cpp
  fx_line.cpp
  fx_sparks.cpp
  particlesphererenderer.cpp
  smoke_fog_overlay.cpp
  bonelist.cpp
  entity_client_tools.cpp
  toolframework_client.cpp
  bone_setup.cpp
  client_class.cpp
  collisionutils.cpp
  compiledcaptionswap.cpp
  crtmemdebug.cpp
  dt_recv.cpp
  dt_utlvector_common.cpp
  dt_utlvector_recv.cpp
  filesystem_helpers.cpp
  hud_lcd.cpp
  in_mouse.cpp
  interpolatortypes.cpp
  interval.cpp
  jigglebones.cpp
  language.cpp
  memoverride.cpp
  mumble.cpp
  networkvar.cpp
  posedebugger.cpp
  randoverride.cpp
  renamed_recvtable_compat.cpp
  rendertexture.cpp
  rope_physics.cpp
  scratchpad3d.cpp
  ScratchPadUtils.cpp
  sentence.cpp
  sheetsimulator.cpp
  simple_physics.cpp
  stringregistry.cpp
  studio.cpp
  vallocator.cpp
  vgui_controls.cpp
     Creating library .\Release_portal\\client.lib and object .\Release_portal\\client.exp
  client_portal.vcxproj -> F:\StuffFiles\Projects\portal-sdk-2013\src\game\client\.\Release_portal\client.dll
  Скопировано файлов:         1.
  Скопировано файлов:         1.
