  portal_player.cpp
  bone_setup.cpp
  collisionutils.cpp
  dt_send.cpp
  dt_utlvector_common.cpp
  dt_utlvector_send.cpp
  editor_sendcommand.cpp
  filesystem_helpers.cpp
  gamehandle.cpp
  GameStats_BasicStatsFunctions.cpp
  h_export.cpp
  init_factory.cpp
  interpolatortypes.cpp
  interval.cpp
  keyframe.cpp
  language.cpp
  map_utils.cpp
  memoverride.cpp
  networkvar.cpp
  randoverride.cpp
  registry.cpp
  rope_physics.cpp
  scratchpad3d.cpp
  ScratchPadUtils.cpp
  server_class.cpp
  sheetsimulator.cpp
  simple_physics.cpp
  stringregistry.cpp
  studio.cpp
     Creating library .\Release_portal\server.lib and object .\Release_portal\server.exp
  server_portal.vcxproj -> F:\StuffFiles\Projects\portal-sdk-2013\src\game\server\.\Release_portal\server.dll
  Скопировано файлов:         1.
  Скопировано файлов:         1.
